  test.c
c:\hassan\college\embedded\project1\project1\test.c(9): warning C4005: 'min': macro redefinition
  c:\program files (x86)\windows kits\10\include\10.0.16299.0\ucrt\stdlib.h(1301): note: see previous definition of 'min'
c:\hassan\college\embedded\project1\project1\test.c(150): warning C4113: 'fptr (__cdecl *)()' differs in parameter lists from 'fptr'
c:\hassan\college\embedded\project1\project1\test.c(150): warning C4047: 'function': 'fptr' differs in levels of indirection from 'fptr (__cdecl *)()'
c:\hassan\college\embedded\project1\project1\test.c(150): warning C4024: 'enqueue': different types for formal and actual parameter 2
c:\hassan\college\embedded\project1\project1\test.c(151): warning C4113: 'fptr (__cdecl *)()' differs in parameter lists from 'fptr'
c:\hassan\college\embedded\project1\project1\test.c(151): warning C4047: 'function': 'fptr' differs in levels of indirection from 'fptr (__cdecl *)()'
c:\hassan\college\embedded\project1\project1\test.c(151): warning C4024: 'enqueue': different types for formal and actual parameter 2
c:\hassan\college\embedded\project1\project1\test.c(152): warning C4113: 'fptr (__cdecl *)()' differs in parameter lists from 'fptr'
c:\hassan\college\embedded\project1\project1\test.c(152): warning C4047: 'function': 'fptr' differs in levels of indirection from 'fptr (__cdecl *)()'
c:\hassan\college\embedded\project1\project1\test.c(152): warning C4024: 'enqueue': different types for formal and actual parameter 2
c:\hassan\college\embedded\project1\project1\test.c(153): warning C4113: 'fptr (__cdecl *)()' differs in parameter lists from 'fptr'
c:\hassan\college\embedded\project1\project1\test.c(153): warning C4047: 'function': 'fptr' differs in levels of indirection from 'fptr (__cdecl *)()'
c:\hassan\college\embedded\project1\project1\test.c(153): warning C4024: 'enqueue': different types for formal and actual parameter 2
c:\hassan\college\embedded\project1\project1\test.c(154): warning C4113: 'fptr (__cdecl *)()' differs in parameter lists from 'fptr'
c:\hassan\college\embedded\project1\project1\test.c(154): warning C4047: 'function': 'fptr' differs in levels of indirection from 'fptr (__cdecl *)()'
c:\hassan\college\embedded\project1\project1\test.c(154): warning C4024: 'enqueue': different types for formal and actual parameter 2
  Source.c
c:\hassan\college\embedded\project1\project1\source.c(9): warning C4005: 'min': macro redefinition
  c:\program files (x86)\windows kits\10\include\10.0.16299.0\ucrt\stdlib.h(1301): note: see previous definition of 'min'
c:\hassan\college\embedded\project1\project1\source.c(150): warning C4113: 'fptr (__cdecl *)()' differs in parameter lists from 'fptr'
c:\hassan\college\embedded\project1\project1\source.c(150): warning C4047: 'function': 'fptr' differs in levels of indirection from 'fptr (__cdecl *)()'
c:\hassan\college\embedded\project1\project1\source.c(150): warning C4024: 'enqueue': different types for formal and actual parameter 2
c:\hassan\college\embedded\project1\project1\source.c(151): warning C4113: 'fptr (__cdecl *)()' differs in parameter lists from 'fptr'
c:\hassan\college\embedded\project1\project1\source.c(151): warning C4047: 'function': 'fptr' differs in levels of indirection from 'fptr (__cdecl *)()'
c:\hassan\college\embedded\project1\project1\source.c(151): warning C4024: 'enqueue': different types for formal and actual parameter 2
c:\hassan\college\embedded\project1\project1\source.c(152): warning C4113: 'fptr (__cdecl *)()' differs in parameter lists from 'fptr'
c:\hassan\college\embedded\project1\project1\source.c(152): warning C4047: 'function': 'fptr' differs in levels of indirection from 'fptr (__cdecl *)()'
c:\hassan\college\embedded\project1\project1\source.c(152): warning C4024: 'enqueue': different types for formal and actual parameter 2
c:\hassan\college\embedded\project1\project1\source.c(153): warning C4113: 'fptr (__cdecl *)()' differs in parameter lists from 'fptr'
c:\hassan\college\embedded\project1\project1\source.c(153): warning C4047: 'function': 'fptr' differs in levels of indirection from 'fptr (__cdecl *)()'
c:\hassan\college\embedded\project1\project1\source.c(153): warning C4024: 'enqueue': different types for formal and actual parameter 2
c:\hassan\college\embedded\project1\project1\source.c(154): warning C4113: 'fptr (__cdecl *)()' differs in parameter lists from 'fptr'
c:\hassan\college\embedded\project1\project1\source.c(154): warning C4047: 'function': 'fptr' differs in levels of indirection from 'fptr (__cdecl *)()'
c:\hassan\college\embedded\project1\project1\source.c(154): warning C4024: 'enqueue': different types for formal and actual parameter 2
  Generating Code...
c:\hassan\college\embedded\project1\project1\source.c(144): warning C4716: 'fptr1': must return a value
c:\hassan\college\embedded\project1\project1\source.c(149): error C4700: uninitialized local variable 'queue' used
c:\hassan\college\embedded\project1\project1\test.c(144): warning C4716: 'fptr1': must return a value
c:\hassan\college\embedded\project1\project1\test.c(149): error C4700: uninitialized local variable 'queue' used
